<?xml version="1.0" encoding="UTF-8"?>
<!-- Generated by org.testng.reporters.JUnitXMLReporter -->
<testsuite hostname="LAPTOP-2OPANCP1" name="Demo Test" tests="3" failures="0" timestamp="25 Aug 2020 08:11:00 GMT" time="57.35" errors="0">
  <testcase name="runScenario" time="49.745" classname="MyRunner.TestRunner"/>
  <testcase name="runScenario" time="49.745" classname="MyRunner.TestRunner"/>
  <testcase name="runScenario" time="49.745" classname="MyRunner.TestRunner"/>
</testsuite> <!-- Demo Test -->
