<?xml version="1.0" encoding="UTF-8"?>
<testng-results skipped="0" failed="0" ignored="0" total="3" passed="3">
  <reporter-output>
  </reporter-output>
  <suite name="Default suite" duration-ms="92006" started-at="2020-08-26T11:00:22Z" finished-at="2020-08-26T11:01:54Z">
    <groups>
      <group name="cucumber">
        <method signature="AbstractTestNGCucumberTests.runScenario(cucumber.api.testng.PickleEventWrapper, cucumber.api.testng.CucumberFeatureWrapper)[pri:0, instance:MyRunner.TestRunner@72d818d1]" name="runScenario" class="cucumber.api.testng.AbstractTestNGCucumberTests"/>
      </group> <!-- cucumber -->
    </groups>
    <test name="Default test" duration-ms="92006" started-at="2020-08-26T11:00:22Z" finished-at="2020-08-26T11:01:54Z">
      <class name="MyRunner.TestRunner">
        <test-method status="PASS" signature="setUpClass()[pri:0, instance:MyRunner.TestRunner@72d818d1]" name="setUpClass" is-config="true" duration-ms="445" started-at="2020-08-26T16:30:22Z" finished-at="2020-08-26T16:30:22Z">
          <reporter-output>
          </reporter-output>
        </test-method> <!-- setUpClass -->
        <test-method status="PASS" signature="runScenario(cucumber.api.testng.PickleEventWrapper, cucumber.api.testng.CucumberFeatureWrapper)[pri:0, instance:MyRunner.TestRunner@72d818d1]" name="runScenario" duration-ms="88767" started-at="2020-08-26T16:30:22Z" description="Runs Cucumber Scenarios" data-provider="scenarios" finished-at="2020-08-26T16:31:51Z">
          <params>
            <param index="0">
              <value>
                <![CDATA["Verify Sum of Two numbers"]]>
              </value>
            </param>
            <param index="1">
              <value>
                <![CDATA["Demo Home Page Text Validation Feature"]]>
              </value>
            </param>
          </params>
          <reporter-output>
          </reporter-output>
        </test-method> <!-- runScenario -->
        <test-method status="PASS" signature="runScenario(cucumber.api.testng.PickleEventWrapper, cucumber.api.testng.CucumberFeatureWrapper)[pri:0, instance:MyRunner.TestRunner@72d818d1]" name="runScenario" duration-ms="88682" started-at="2020-08-26T16:30:22Z" description="Runs Cucumber Scenarios" data-provider="scenarios" finished-at="2020-08-26T16:31:51Z">
          <params>
            <param index="0">
              <value>
                <![CDATA["Verify Input Field Text"]]>
              </value>
            </param>
            <param index="1">
              <value>
                <![CDATA["Demo Home Page Text Validation Feature"]]>
              </value>
            </param>
          </params>
          <reporter-output>
          </reporter-output>
        </test-method> <!-- runScenario -->
        <test-method status="PASS" signature="runScenario(cucumber.api.testng.PickleEventWrapper, cucumber.api.testng.CucumberFeatureWrapper)[pri:0, instance:MyRunner.TestRunner@72d818d1]" name="runScenario" duration-ms="88675" started-at="2020-08-26T16:30:22Z" description="Runs Cucumber Scenarios" data-provider="scenarios" finished-at="2020-08-26T16:31:51Z">
          <params>
            <param index="0">
              <value>
                <![CDATA["Verify Checkbox functionality"]]>
              </value>
            </param>
            <param index="1">
              <value>
                <![CDATA["Demo Home Page Checkbox Validation Feature"]]>
              </value>
            </param>
          </params>
          <reporter-output>
          </reporter-output>
        </test-method> <!-- runScenario -->
        <test-method status="PASS" signature="tearDownClass()[pri:0, instance:MyRunner.TestRunner@72d818d1]" name="tearDownClass" is-config="true" duration-ms="2624" started-at="2020-08-26T16:31:51Z" finished-at="2020-08-26T16:31:54Z">
          <reporter-output>
          </reporter-output>
        </test-method> <!-- tearDownClass -->
      </class> <!-- MyRunner.TestRunner -->
    </test> <!-- Default test -->
  </suite> <!-- Default suite -->
</testng-results>
